<?xml version="1.0" encoding="UTF-8"?>
<coverage generated="1587749247271" clover="3.2.0">
  <project timestamp="1587749247271" name="All files">
    <metrics statements="11" coveredstatements="9" conditionals="2" coveredconditionals="1" methods="2" coveredmethods="1" elements="15" coveredelements="11" complexity="0" loc="11" ncloc="11" packages="1" files="2" classes="2"/>
    <file name="ActionDispatch.js" path="/home/alexbuchan/development/personal_projects/SignupAndLoginTemplate-UI/src/actions/contact/ActionDispatch.js">
      <metrics statements="2" coveredstatements="1" conditionals="0" coveredconditionals="0" methods="1" coveredmethods="0"/>
      <line num="5" count="2" type="stmt"/>
      <line num="6" count="0" type="stmt"/>
    </file>
    <file name="ContactActions.js" path="/home/alexbuchan/development/personal_projects/SignupAndLoginTemplate-UI/src/actions/contact/ContactActions.js">
      <metrics statements="9" coveredstatements="8" conditionals="2" coveredconditionals="1" methods="1" coveredmethods="1"/>
      <line num="1" count="1" type="stmt"/>
      <line num="2" count="1" type="stmt"/>
      <line num="8" count="1" type="stmt"/>
      <line num="9" count="1" type="stmt"/>
      <line num="10" count="1" type="stmt"/>
      <line num="11" count="1" type="stmt"/>
      <line num="13" count="1" type="cond" truecount="1" falsecount="1"/>
      <line num="14" count="0" type="stmt"/>
      <line num="17" count="1" type="stmt"/>
    </file>
  </project>
</coverage>
