{"/home/alexbuchan/development/personal_projects/SignupAndLoginTemplate-UI/src/actions/contact/ActionDispatch.js": {"path":"/home/alexbuchan/development/personal_projects/SignupAndLoginTemplate-UI/src/actions/contact/ActionDispatch.js","statementMap":{"0":{"start":{"line":5,"column":25},"end":{"line":10,"column":3}},"1":{"start":{"line":6,"column":4},"end":{"line":9,"column":7}}},"fnMap":{"0":{"name":"(anonymous_0)","decl":{"start":{"line":5,"column":25},"end":{"line":5,"column":26}},"loc":{"start":{"line":5,"column":35},"end":{"line":10,"column":3}},"line":5}},"branchMap":{},"s":{"0":2,"1":0},"f":{"0":0},"b":{},"_coverageSchema":"1a1c01bbd47fc00a2c39e90264f33305004495a9","hash":"93bb6e03c97c439c2fbc91da1f157688065da89e"}
,"/home/alexbuchan/development/personal_projects/SignupAndLoginTemplate-UI/src/actions/contact/ContactActions.js": {"path":"/home/alexbuchan/development/personal_projects/SignupAndLoginTemplate-UI/src/actions/contact/ContactActions.js","statementMap":{"0":{"start":{"line":1,"column":0},"end":{"line":1,"column":34}},"1":{"start":{"line":2,"column":16},"end":{"line":2,"column":32}},"2":{"start":{"line":8,"column":16},"end":{"line":18,"column":3}},"3":{"start":{"line":9,"column":22},"end":{"line":9,"column":54}},"4":{"start":{"line":10,"column":16},"end":{"line":10,"column":47}},"5":{"start":{"line":11,"column":21},"end":{"line":11,"column":100}},"6":{"start":{"line":13,"column":4},"end":{"line":15,"column":5}},"7":{"start":{"line":14,"column":6},"end":{"line":14,"column":47}},"8":{"start":{"line":17,"column":4},"end":{"line":17,"column":55}}},"fnMap":{"0":{"name":"(anonymous_0)","decl":{"start":{"line":8,"column":16},"end":{"line":8,"column":17}},"loc":{"start":{"line":8,"column":28},"end":{"line":18,"column":3}},"line":8}},"branchMap":{"0":{"loc":{"start":{"line":13,"column":4},"end":{"line":15,"column":5}},"type":"if","locations":[{"start":{"line":13,"column":4},"end":{"line":15,"column":5}},{"start":{"line":13,"column":4},"end":{"line":15,"column":5}}],"line":13}},"s":{"0":1,"1":1,"2":1,"3":1,"4":1,"5":1,"6":1,"7":0,"8":1},"f":{"0":1},"b":{"0":[0,1]},"_coverageSchema":"1a1c01bbd47fc00a2c39e90264f33305004495a9","hash":"0e27f9b9bc1cafad3ccc94ce89583dc837c809b3"}
}
